<?xml version="1.0" encoding="UTF-8"?>
<!-- Generated by org.testng.reporters.JUnitReportReporter -->
<testsuite hostname="neha_singh" failures="0" tests="1" name="tests.SauceDemoTest" time="43.734" errors="0" timestamp="2025-10-14T14:58:37 IST" skipped="0">
  <testcase classname="tests.SauceDemoTest" name="testSauceDemoEndToEnd" time="43.734"/>
</testsuite> <!-- tests.SauceDemoTest -->
