<?xml version="1.0" encoding="UTF-8"?>
<!-- Generated by org.testng.reporters.JUnitReportReporter -->
<testsuite hostname="neha_singh" failures="0" tests="1" name="tests.loginTest" time="10.741" errors="0" timestamp="2025-10-14T14:58:37 IST" skipped="0">
  <testcase classname="tests.loginTest" name="logintest" time="10.741"/>
</testsuite> <!-- tests.loginTest -->
